<?xml version="1.0" encoding="UTF-8"?>
<testng-results ignored="1" total="1" passed="0" failed="0" skipped="0">
  <reporter-output>
  </reporter-output>
  <suite started-at="2020-06-14T15:36:09 BST" name="LoginPageTest" finished-at="2020-06-14T15:36:09 BST" duration-ms="1">
    <groups>
    </groups>
    <test started-at="2020-06-14T15:36:09 BST" name="Command line test 0dc9cd70-b1c2-4aba-b0f3-c033d5e4f54f" finished-at="2020-06-14T15:36:09 BST" duration-ms="1">
    </test> <!-- Command line test 0dc9cd70-b1c2-4aba-b0f3-c033d5e4f54f -->
  </suite> <!-- LoginPageTest -->
  <suite started-at="2020-06-14T15:36:09 BST" name="BasicTest" finished-at="2020-06-14T15:36:09 BST" duration-ms="0">
    <groups>
    </groups>
    <test started-at="2020-06-14T15:36:09 BST" name="Command line test 3c0f45e6-855e-45f0-8128-fb1427da4d20" finished-at="2020-06-14T15:36:09 BST" duration-ms="0">
    </test> <!-- Command line test 3c0f45e6-855e-45f0-8128-fb1427da4d20 -->
  </suite> <!-- BasicTest -->
  <suite started-at="2020-06-14T15:36:09 BST" name="pageTest" finished-at="2020-06-14T15:36:09 BST" duration-ms="7">
    <groups>
    </groups>
    <test started-at="2020-06-14T15:36:09 BST" name="Command line test c443cb4d-2074-450f-887e-aa49250b02f2" finished-at="2020-06-14T15:36:09 BST" duration-ms="7">
    </test> <!-- Command line test c443cb4d-2074-450f-887e-aa49250b02f2 -->
  </suite> <!-- pageTest -->
</testng-results>
